
=== Control Logging Session Started at 2025-05-16 05:28:12.153 ===

=== Control Logging Session Ended at 2025-05-16 05:28:12.153 ===

=== Control Logging Session Started at 2025-05-16 05:28:12.154 ===
2025-05-16 05:28:12.763 - Command: throttle:50;, Steering: 0, Throttle: 50

=== Control Logging Session Ended at 2025-05-16 05:28:13.274 ===

=== Control Logging Session Started at 2025-05-16 05:28:13.283 ===
2025-05-16 05:28:13.895 - Command: steering:30;, Steering: 30, Throttle: 0

=== Control Logging Session Ended at 2025-05-16 05:28:14.405 ===

=== Control Logging Session Started at 2025-05-16 05:28:14.414 ===
2025-05-16 05:28:15.027 - Command: init, Steering: 0, Throttle: 0

=== Control Logging Session Ended at 2025-05-16 05:28:15.542 ===

=== Control Logging Session Started at 2025-05-16 05:28:15.552 ===
2025-05-16 05:28:16.163 - Command: :, Steering: 0, Throttle: 0
2025-05-16 05:28:16.268 - Command: throttle:, Steering: 0, Throttle: 0
2025-05-16 05:28:16.372 - Command: throttle:abc;, Steering: 0, Throttle: 0
2025-05-16 05:28:16.476 - Command: unknown:50;, Steering: 0, Throttle: 0
2025-05-16 05:28:16.581 - Command: throttle:50, Steering: 0, Throttle: 50
2025-05-16 05:28:16.684 - Command: ;;;, Steering: 0, Throttle: 0

=== Control Logging Session Ended at 2025-05-16 05:28:17.393 ===

=== Control Logging Session Started at 2025-05-16 10:49:28.714 ===

=== Control Logging Session Ended at 2025-05-16 10:49:28.714 ===

=== Control Logging Session Started at 2025-05-16 10:49:28.715 ===
2025-05-16 10:49:29.327 - Command: throttle:50;, Steering: 0, Throttle: 50

=== Control Logging Session Ended at 2025-05-16 10:49:29.837 ===

=== Control Logging Session Started at 2025-05-16 10:49:29.848 ===
2025-05-16 10:49:30.461 - Command: steering:30;, Steering: 30, Throttle: 0

=== Control Logging Session Ended at 2025-05-16 10:49:30.972 ===

=== Control Logging Session Started at 2025-05-16 10:49:30.982 ===
2025-05-16 10:49:31.602 - Command: init, Steering: 0, Throttle: 0

=== Control Logging Session Ended at 2025-05-16 10:49:32.113 ===

=== Control Logging Session Started at 2025-05-16 10:49:32.125 ===
2025-05-16 10:49:32.739 - Command: :, Steering: 0, Throttle: 0
2025-05-16 10:49:32.847 - Command: throttle:, Steering: 0, Throttle: 0
2025-05-16 10:49:32.951 - Command: throttle:abc;, Steering: 0, Throttle: 0
2025-05-16 10:49:33.060 - Command: unknown:50;, Steering: 0, Throttle: 0
2025-05-16 10:49:33.166 - Command: throttle:50, Steering: 0, Throttle: 50
2025-05-16 10:49:33.269 - Command: ;;;, Steering: 0, Throttle: 0

=== Control Logging Session Ended at 2025-05-16 10:49:33.985 ===

=== Control Logging Session Started at 2025-05-16 10:51:21.143 ===

=== Control Logging Session Ended at 2025-05-16 10:51:21.143 ===

=== Control Logging Session Started at 2025-05-16 10:51:21.144 ===
2025-05-16 10:51:21.759 - Command: throttle:50;, Steering: 0, Throttle: 50

=== Control Logging Session Ended at 2025-05-16 10:51:22.270 ===

=== Control Logging Session Started at 2025-05-16 10:51:22.275 ===
2025-05-16 10:51:22.887 - Command: steering:30;, Steering: 30, Throttle: 0

=== Control Logging Session Ended at 2025-05-16 10:51:23.396 ===

=== Control Logging Session Started at 2025-05-16 10:51:23.405 ===
2025-05-16 10:51:24.019 - Command: init, Steering: 0, Throttle: 0

=== Control Logging Session Ended at 2025-05-16 10:51:24.530 ===

=== Control Logging Session Started at 2025-05-16 10:51:24.543 ===
2025-05-16 10:51:25.154 - Command: :, Steering: 0, Throttle: 0
2025-05-16 10:51:25.259 - Command: throttle:, Steering: 0, Throttle: 0
2025-05-16 10:51:25.365 - Command: throttle:abc;, Steering: 0, Throttle: 0
2025-05-16 10:51:25.471 - Command: unknown:50;, Steering: 0, Throttle: 0
2025-05-16 10:51:25.577 - Command: throttle:50, Steering: 0, Throttle: 50
2025-05-16 10:51:25.681 - Command: ;;;, Steering: 0, Throttle: 0

=== Control Logging Session Ended at 2025-05-16 10:51:26.398 ===

=== Control Logging Session Started at 2025-05-16 10:55:32.998 ===

=== Control Logging Session Ended at 2025-05-16 10:55:32.998 ===

=== Control Logging Session Started at 2025-05-16 10:55:33.000 ===
2025-05-16 10:55:33.616 - Command: throttle:50;, Steering: 0, Throttle: 50

=== Control Logging Session Ended at 2025-05-16 10:55:34.126 ===

=== Control Logging Session Started at 2025-05-16 10:55:34.132 ===
2025-05-16 10:55:34.741 - Command: steering:30;, Steering: 30, Throttle: 0

=== Control Logging Session Ended at 2025-05-16 10:55:35.251 ===

=== Control Logging Session Started at 2025-05-16 10:55:35.260 ===
2025-05-16 10:55:35.873 - Command: init, Steering: 0, Throttle: 0

=== Control Logging Session Ended at 2025-05-16 10:55:36.386 ===

=== Control Logging Session Started at 2025-05-16 10:55:36.396 ===
2025-05-16 10:55:37.023 - Command: :, Steering: 0, Throttle: 0
2025-05-16 10:55:37.127 - Command: throttle:, Steering: 0, Throttle: 0
2025-05-16 10:55:37.231 - Command: throttle:abc;, Steering: 0, Throttle: 0
2025-05-16 10:55:37.333 - Command: unknown:50;, Steering: 0, Throttle: 0
2025-05-16 10:55:37.438 - Command: throttle:50, Steering: 0, Throttle: 50
2025-05-16 10:55:37.542 - Command: ;;;, Steering: 0, Throttle: 0

=== Control Logging Session Ended at 2025-05-16 10:55:38.257 ===
