
=== Sensor Logging Session Started at 2025-05-16 05:28:06.242 ===

=== Sensor Logging Session Ended at 2025-05-16 05:28:06.242 ===

=== Sensor Logging Session Started at 2025-05-16 05:28:06.243 ===

=== Sensor Logging Session Ended at 2025-05-16 05:28:06.243 ===

=== Sensor Logging Session Started at 2025-05-16 05:28:06.243 ===
2025-05-16 05:28:06.294 - Sensor: test, Value: 1, Old Value: 0, Critical: Yes
2025-05-16 05:28:06.344 - Sensor: test, Value: 2, Old Value: 1, Critical: Yes
2025-05-16 05:28:06.395 - Sensor: test, Value: 2, Old Value: 1, Critical: Yes

=== Sensor Logging Session Ended at 2025-05-16 05:28:06.546 ===

=== Sensor Logging Session Started at 2025-05-16 05:28:06.552 ===
2025-05-16 05:28:06.555 - Sensor: test, Value: 1, Old Value: 0, Critical: No
2025-05-16 05:28:06.657 - Sensor: test, Value: 2, Old Value: 1, Critical: No
2025-05-16 05:28:06.758 - Sensor: test, Value: 3, Old Value: 2, Critical: No

=== Sensor Logging Session Ended at 2025-05-16 05:28:06.860 ===

=== Sensor Logging Session Started at 2025-05-16 05:28:06.865 ===
2025-05-16 05:28:06.918 - Sensor: test, Value: 1, Old Value: 0, Critical: Yes
2025-05-16 05:28:06.967 - Sensor: test, Value: 2, Old Value: 1, Critical: Yes

=== Sensor Logging Session Ended at 2025-05-16 05:28:07.326 ===

=== Sensor Logging Session Started at 2025-05-16 05:28:07.331 ===
2025-05-16 05:28:07.384 - Sensor: test, Value: 1, Old Value: 0, Critical: Yes
2025-05-16 05:28:07.435 - Sensor: test, Value: 2, Old Value: 1, Critical: Yes
2025-05-16 05:28:07.492 - Sensor: test, Value: 2, Old Value: 1, Critical: Yes

=== Sensor Logging Session Ended at 2025-05-16 05:28:07.535 ===

=== Sensor Logging Session Started at 2025-05-16 05:28:07.541 ===
2025-05-16 05:28:07.593 - Sensor: test, Value: 43, Old Value: 0, Critical: Yes
2025-05-16 05:28:07.644 - Sensor: test, Value: 44, Old Value: 43, Critical: Yes
2025-05-16 05:28:07.697 - Sensor: test, Value: 44, Old Value: 43, Critical: Yes

=== Sensor Logging Session Ended at 2025-05-16 05:28:07.746 ===

=== Sensor Logging Session Started at 2025-05-16 05:28:07.752 ===
2025-05-16 05:28:07.805 - Sensor: test, Value: 1, Old Value: 0, Critical: Yes
2025-05-16 05:28:07.856 - Sensor: test, Value: 2, Old Value: 1, Critical: No
2025-05-16 05:28:07.858 - Sensor: test, Value: 2, Old Value: 1, Critical: Yes
2025-05-16 05:28:07.910 - Sensor: test, Value: 2, Old Value: 1, Critical: Yes
2025-05-16 05:28:07.957 - Sensor: test, Value: 3, Old Value: 2, Critical: Yes
2025-05-16 05:28:07.960 - Sensor: test, Value: 3, Old Value: 2, Critical: No
2025-05-16 05:28:08.011 - Sensor: test, Value: 3, Old Value: 2, Critical: Yes

=== Sensor Logging Session Ended at 2025-05-16 05:28:08.059 ===

=== Sensor Logging Session Started at 2025-05-16 05:28:08.064 ===
2025-05-16 05:28:08.168 - Sensor: test, Value: 2, Old Value: 1, Critical: No
2025-05-16 05:28:08.269 - Sensor: test, Value: 3, Old Value: 2, Critical: No
2025-05-16 05:28:08.369 - Sensor: test, Value: 4, Old Value: 3, Critical: No
2025-05-16 05:28:08.470 - Sensor: test, Value: 5, Old Value: 4, Critical: No
2025-05-16 05:28:08.571 - Sensor: test, Value: 6, Old Value: 5, Critical: No

=== Sensor Logging Session Ended at 2025-05-16 05:28:08.673 ===

=== Sensor Logging Session Started at 2025-05-16 05:28:08.676 ===

=== Sensor Logging Session Ended at 2025-05-16 05:28:08.782 ===

=== Sensor Logging Session Started at 2025-05-16 05:28:08.787 ===
2025-05-16 05:28:08.790 - Sensor: test, Value: 1, Old Value: 0, Critical: Yes
2025-05-16 05:28:08.842 - Sensor: test, Value: 1, Old Value: 0, Critical: Yes
2025-05-16 05:28:08.892 - Sensor: test, Value: 2, Old Value: 1, Critical: No
2025-05-16 05:28:08.894 - Sensor: test, Value: 2, Old Value: 1, Critical: Yes
2025-05-16 05:28:08.946 - Sensor: test, Value: 2, Old Value: 1, Critical: Yes
2025-05-16 05:28:08.994 - Sensor: test, Value: 3, Old Value: 2, Critical: No
2025-05-16 05:28:08.995 - Sensor: test, Value: 3, Old Value: 2, Critical: Yes
2025-05-16 05:28:09.046 - Sensor: test, Value: 3, Old Value: 2, Critical: Yes

=== Sensor Logging Session Ended at 2025-05-16 05:28:09.095 ===

=== Sensor Logging Session Started at 2025-05-16 05:28:09.104 ===

=== Sensor Logging Session Ended at 2025-05-16 05:28:09.106 ===

=== Sensor Logging Session Started at 2025-05-16 05:28:09.107 ===
2025-05-16 05:28:09.110 - Sensor: test, Value: 2, Old Value: 1, Critical: No
2025-05-16 05:28:09.110 - Sensor: test, Value: 2, Old Value: 1, Critical: Yes
2025-05-16 05:28:09.161 - Sensor: test, Value: 7, Old Value: 6, Critical: Yes
2025-05-16 05:28:09.212 - Sensor: test, Value: 12, Old Value: 11, Critical: No
2025-05-16 05:28:09.215 - Sensor: test, Value: 12, Old Value: 11, Critical: Yes
2025-05-16 05:28:09.269 - Sensor: test, Value: 12, Old Value: 11, Critical: Yes

=== Sensor Logging Session Ended at 2025-05-16 05:28:09.313 ===

=== Sensor Logging Session Started at 2025-05-16 05:28:09.318 ===
2025-05-16 05:28:09.372 - Sensor: valid_test, Value: 1, Old Value: 0, Critical: Yes
2025-05-16 05:28:09.423 - Sensor: valid_test, Value: 2, Old Value: 0, Critical: Yes
2025-05-16 05:28:09.475 - Sensor: valid_test, Value: 2, Old Value: 0, Critical: Yes

=== Sensor Logging Session Ended at 2025-05-16 05:28:09.527 ===

=== Sensor Logging Session Started at 2025-05-16 05:28:09.532 ===
2025-05-16 05:28:09.609 - Sensor: test, Value: 21, Old Value: 0, Critical: Yes
2025-05-16 05:28:09.714 - Sensor: test, Value: 22, Old Value: 21, Critical: Yes
2025-05-16 05:28:09.763 - Sensor: test, Value: 33, Old Value: 32, Critical: No
2025-05-16 05:28:09.764 - Sensor: test, Value: 23, Old Value: 22, Critical: Yes
2025-05-16 05:28:09.817 - Sensor: test, Value: 23, Old Value: 22, Critical: Yes
2025-05-16 05:28:10.279 - Sensor: test, Value: 38, Old Value: 37, Critical: No
2025-05-16 05:28:10.437 - Sensor: test, Value: 29, Old Value: 28, Critical: Yes
2025-05-16 05:28:10.486 - Sensor: test, Value: 30, Old Value: 29, Critical: Yes
2025-05-16 05:28:10.488 - Sensor: test, Value: 40, Old Value: 39, Critical: No
2025-05-16 05:28:10.539 - Sensor: test, Value: 30, Old Value: 29, Critical: Yes
2025-05-16 05:28:10.588 - Sensor: test, Value: 26, Old Value: 30, Critical: Yes
2025-05-16 05:28:10.589 - Sensor: test, Value: 36, Old Value: 40, Critical: No
2025-05-16 05:28:10.640 - Sensor: test, Value: 26, Old Value: 30, Critical: Yes
2025-05-16 05:28:10.689 - Sensor: test, Value: 27, Old Value: 26, Critical: Yes
2025-05-16 05:28:10.690 - Sensor: test, Value: 37, Old Value: 36, Critical: No
2025-05-16 05:28:10.741 - Sensor: test, Value: 27, Old Value: 26, Critical: Yes

=== Sensor Logging Session Ended at 2025-05-16 05:28:10.790 ===

=== Sensor Logging Session Started at 2025-05-16 10:49:22.803 ===

=== Sensor Logging Session Ended at 2025-05-16 10:49:22.804 ===

=== Sensor Logging Session Started at 2025-05-16 10:49:22.804 ===

=== Sensor Logging Session Ended at 2025-05-16 10:49:22.804 ===

=== Sensor Logging Session Started at 2025-05-16 10:49:22.805 ===
2025-05-16 10:49:22.855 - Sensor: test, Value: 1, Old Value: 0, Critical: Yes
2025-05-16 10:49:22.905 - Sensor: test, Value: 2, Old Value: 1, Critical: Yes
2025-05-16 10:49:22.957 - Sensor: test, Value: 2, Old Value: 1, Critical: Yes

=== Sensor Logging Session Ended at 2025-05-16 10:49:23.108 ===

=== Sensor Logging Session Started at 2025-05-16 10:49:23.114 ===
2025-05-16 10:49:23.218 - Sensor: test, Value: 2, Old Value: 1, Critical: No
2025-05-16 10:49:23.319 - Sensor: test, Value: 3, Old Value: 2, Critical: No

=== Sensor Logging Session Ended at 2025-05-16 10:49:23.420 ===

=== Sensor Logging Session Started at 2025-05-16 10:49:23.423 ===
2025-05-16 10:49:23.476 - Sensor: test, Value: 1, Old Value: 0, Critical: Yes
2025-05-16 10:49:23.527 - Sensor: test, Value: 2, Old Value: 1, Critical: Yes

=== Sensor Logging Session Ended at 2025-05-16 10:49:23.789 ===

=== Sensor Logging Session Started at 2025-05-16 10:49:23.794 ===
2025-05-16 10:49:23.847 - Sensor: test, Value: 1, Old Value: 0, Critical: Yes
2025-05-16 10:49:23.898 - Sensor: test, Value: 2, Old Value: 1, Critical: Yes
2025-05-16 10:49:23.950 - Sensor: test, Value: 2, Old Value: 1, Critical: Yes

=== Sensor Logging Session Ended at 2025-05-16 10:49:24.000 ===

=== Sensor Logging Session Started at 2025-05-16 10:49:24.004 ===
2025-05-16 10:49:24.057 - Sensor: test, Value: 43, Old Value: 0, Critical: Yes
2025-05-16 10:49:24.108 - Sensor: test, Value: 44, Old Value: 43, Critical: Yes
2025-05-16 10:49:24.160 - Sensor: test, Value: 44, Old Value: 43, Critical: Yes

=== Sensor Logging Session Ended at 2025-05-16 10:49:24.209 ===

=== Sensor Logging Session Started at 2025-05-16 10:49:24.213 ===
2025-05-16 10:49:24.266 - Sensor: test, Value: 1, Old Value: 0, Critical: Yes
2025-05-16 10:49:24.317 - Sensor: test, Value: 2, Old Value: 1, Critical: No
2025-05-16 10:49:24.319 - Sensor: test, Value: 2, Old Value: 1, Critical: Yes
2025-05-16 10:49:24.370 - Sensor: test, Value: 2, Old Value: 1, Critical: Yes
2025-05-16 10:49:24.418 - Sensor: test, Value: 3, Old Value: 2, Critical: Yes
2025-05-16 10:49:24.419 - Sensor: test, Value: 3, Old Value: 2, Critical: No
2025-05-16 10:49:24.470 - Sensor: test, Value: 3, Old Value: 2, Critical: Yes

=== Sensor Logging Session Ended at 2025-05-16 10:49:24.520 ===

=== Sensor Logging Session Started at 2025-05-16 10:49:24.526 ===
2025-05-16 10:49:24.631 - Sensor: test, Value: 2, Old Value: 1, Critical: No
2025-05-16 10:49:24.731 - Sensor: test, Value: 3, Old Value: 2, Critical: No
2025-05-16 10:49:24.833 - Sensor: test, Value: 4, Old Value: 3, Critical: No
2025-05-16 10:49:24.934 - Sensor: test, Value: 5, Old Value: 4, Critical: No
2025-05-16 10:49:25.035 - Sensor: test, Value: 6, Old Value: 5, Critical: No

=== Sensor Logging Session Ended at 2025-05-16 10:49:25.136 ===

=== Sensor Logging Session Started at 2025-05-16 10:49:25.142 ===

=== Sensor Logging Session Ended at 2025-05-16 10:49:25.247 ===

=== Sensor Logging Session Started at 2025-05-16 10:49:25.253 ===
2025-05-16 10:49:25.309 - Sensor: test, Value: 1, Old Value: 0, Critical: Yes
2025-05-16 10:49:25.361 - Sensor: test, Value: 2, Old Value: 1, Critical: No
2025-05-16 10:49:25.363 - Sensor: test, Value: 2, Old Value: 1, Critical: Yes
2025-05-16 10:49:25.414 - Sensor: test, Value: 2, Old Value: 1, Critical: Yes
2025-05-16 10:49:25.460 - Sensor: test, Value: 3, Old Value: 2, Critical: Yes
2025-05-16 10:49:25.462 - Sensor: test, Value: 3, Old Value: 2, Critical: No
2025-05-16 10:49:25.512 - Sensor: test, Value: 3, Old Value: 2, Critical: Yes

=== Sensor Logging Session Ended at 2025-05-16 10:49:25.563 ===

=== Sensor Logging Session Started at 2025-05-16 10:49:25.567 ===

=== Sensor Logging Session Ended at 2025-05-16 10:49:25.569 ===

=== Sensor Logging Session Started at 2025-05-16 10:49:25.573 ===
2025-05-16 10:49:25.575 - Sensor: test, Value: 2, Old Value: 1, Critical: Yes
2025-05-16 10:49:25.625 - Sensor: test, Value: 6, Old Value: 5, Critical: Yes
2025-05-16 10:49:25.676 - Sensor: test, Value: 12, Old Value: 11, Critical: No
2025-05-16 10:49:25.678 - Sensor: test, Value: 12, Old Value: 11, Critical: Yes
2025-05-16 10:49:25.730 - Sensor: test, Value: 12, Old Value: 11, Critical: Yes

=== Sensor Logging Session Ended at 2025-05-16 10:49:25.779 ===

=== Sensor Logging Session Started at 2025-05-16 10:49:25.785 ===
2025-05-16 10:49:25.788 - Sensor: valid_test, Value: 1, Old Value: 0, Critical: Yes
2025-05-16 10:49:25.839 - Sensor: valid_test, Value: 1, Old Value: 0, Critical: Yes
2025-05-16 10:49:25.890 - Sensor: valid_test, Value: 2, Old Value: 0, Critical: Yes
2025-05-16 10:49:25.942 - Sensor: valid_test, Value: 2, Old Value: 0, Critical: Yes

=== Sensor Logging Session Ended at 2025-05-16 10:49:25.991 ===

=== Sensor Logging Session Started at 2025-05-16 10:49:25.997 ===
2025-05-16 10:49:25.999 - Sensor: test, Value: 31, Old Value: 0, Critical: No
2025-05-16 10:49:26.050 - Sensor: test, Value: 21, Old Value: 0, Critical: Yes
2025-05-16 10:49:26.254 - Sensor: test, Value: 23, Old Value: 22, Critical: Yes
2025-05-16 10:49:26.305 - Sensor: test, Value: 34, Old Value: 33, Critical: No
2025-05-16 10:49:26.340 - Sensor: test, Value: 24, Old Value: 23, Critical: Yes
2025-05-16 10:49:26.392 - Sensor: test, Value: 24, Old Value: 23, Critical: Yes
2025-05-16 10:49:26.408 - Sensor: test, Value: 35, Old Value: 34, Critical: No
2025-05-16 10:49:26.613 - Sensor: test, Value: 37, Old Value: 36, Critical: No
2025-05-16 10:49:26.718 - Sensor: test, Value: 38, Old Value: 37, Critical: No
2025-05-16 10:49:26.719 - Sensor: test, Value: 28, Old Value: 27, Critical: Yes
2025-05-16 10:49:26.823 - Sensor: test, Value: 39, Old Value: 38, Critical: No
2025-05-16 10:49:26.929 - Sensor: test, Value: 40, Old Value: 39, Critical: No
2025-05-16 10:49:26.929 - Sensor: test, Value: 30, Old Value: 29, Critical: Yes
2025-05-16 10:49:26.981 - Sensor: test, Value: 30, Old Value: 29, Critical: Yes
2025-05-16 10:49:27.031 - Sensor: test, Value: 41, Old Value: 40, Critical: No
2025-05-16 10:49:27.032 - Sensor: test, Value: 31, Old Value: 30, Critical: Yes
2025-05-16 10:49:27.087 - Sensor: test, Value: 31, Old Value: 30, Critical: Yes
2025-05-16 10:49:27.132 - Sensor: test, Value: 36, Old Value: 41, Critical: No
2025-05-16 10:49:27.134 - Sensor: test, Value: 26, Old Value: 31, Critical: Yes
2025-05-16 10:49:27.185 - Sensor: test, Value: 26, Old Value: 31, Critical: Yes
2025-05-16 10:49:27.233 - Sensor: test, Value: 37, Old Value: 36, Critical: No
2025-05-16 10:49:27.234 - Sensor: test, Value: 27, Old Value: 26, Critical: Yes
2025-05-16 10:49:27.286 - Sensor: test, Value: 27, Old Value: 26, Critical: Yes

=== Sensor Logging Session Ended at 2025-05-16 10:49:27.334 ===

=== Sensor Logging Session Started at 2025-05-16 10:51:15.242 ===

=== Sensor Logging Session Ended at 2025-05-16 10:51:15.242 ===

=== Sensor Logging Session Started at 2025-05-16 10:51:15.243 ===

=== Sensor Logging Session Ended at 2025-05-16 10:51:15.243 ===

=== Sensor Logging Session Started at 2025-05-16 10:51:15.243 ===
2025-05-16 10:51:15.296 - Sensor: test, Value: 1, Old Value: 0, Critical: Yes
2025-05-16 10:51:15.344 - Sensor: test, Value: 2, Old Value: 1, Critical: Yes
2025-05-16 10:51:15.395 - Sensor: test, Value: 2, Old Value: 1, Critical: Yes

=== Sensor Logging Session Ended at 2025-05-16 10:51:15.547 ===

=== Sensor Logging Session Started at 2025-05-16 10:51:15.552 ===
2025-05-16 10:51:15.654 - Sensor: test, Value: 2, Old Value: 1, Critical: No
2025-05-16 10:51:15.756 - Sensor: test, Value: 3, Old Value: 2, Critical: No

=== Sensor Logging Session Ended at 2025-05-16 10:51:15.855 ===

=== Sensor Logging Session Started at 2025-05-16 10:51:15.861 ===
2025-05-16 10:51:15.917 - Sensor: test, Value: 1, Old Value: 0, Critical: Yes
2025-05-16 10:51:15.967 - Sensor: test, Value: 2, Old Value: 1, Critical: Yes

=== Sensor Logging Session Ended at 2025-05-16 10:51:16.225 ===

=== Sensor Logging Session Started at 2025-05-16 10:51:16.231 ===
2025-05-16 10:51:16.286 - Sensor: test, Value: 1, Old Value: 0, Critical: Yes
2025-05-16 10:51:16.337 - Sensor: test, Value: 2, Old Value: 1, Critical: Yes
2025-05-16 10:51:16.389 - Sensor: test, Value: 2, Old Value: 1, Critical: Yes

=== Sensor Logging Session Ended at 2025-05-16 10:51:16.439 ===

=== Sensor Logging Session Started at 2025-05-16 10:51:16.444 ===
2025-05-16 10:51:16.497 - Sensor: test, Value: 43, Old Value: 0, Critical: Yes
2025-05-16 10:51:16.548 - Sensor: test, Value: 44, Old Value: 43, Critical: Yes
2025-05-16 10:51:16.601 - Sensor: test, Value: 44, Old Value: 43, Critical: Yes

=== Sensor Logging Session Ended at 2025-05-16 10:51:16.650 ===

=== Sensor Logging Session Started at 2025-05-16 10:51:16.654 ===
2025-05-16 10:51:16.657 - Sensor: test, Value: 1, Old Value: 0, Critical: No
2025-05-16 10:51:16.657 - Sensor: test, Value: 1, Old Value: 0, Critical: Yes
2025-05-16 10:51:16.709 - Sensor: test, Value: 1, Old Value: 0, Critical: Yes
2025-05-16 10:51:16.759 - Sensor: test, Value: 2, Old Value: 1, Critical: Yes
2025-05-16 10:51:16.761 - Sensor: test, Value: 2, Old Value: 1, Critical: No
2025-05-16 10:51:16.811 - Sensor: test, Value: 2, Old Value: 1, Critical: Yes
2025-05-16 10:51:16.862 - Sensor: test, Value: 3, Old Value: 2, Critical: No
2025-05-16 10:51:16.863 - Sensor: test, Value: 3, Old Value: 2, Critical: Yes
2025-05-16 10:51:16.915 - Sensor: test, Value: 3, Old Value: 2, Critical: Yes

=== Sensor Logging Session Ended at 2025-05-16 10:51:16.961 ===

=== Sensor Logging Session Started at 2025-05-16 10:51:16.966 ===
2025-05-16 10:51:17.070 - Sensor: test, Value: 2, Old Value: 1, Critical: No
2025-05-16 10:51:17.170 - Sensor: test, Value: 3, Old Value: 2, Critical: No
2025-05-16 10:51:17.272 - Sensor: test, Value: 4, Old Value: 3, Critical: No
2025-05-16 10:51:17.373 - Sensor: test, Value: 5, Old Value: 4, Critical: No
2025-05-16 10:51:17.475 - Sensor: test, Value: 6, Old Value: 5, Critical: No

=== Sensor Logging Session Ended at 2025-05-16 10:51:17.578 ===

=== Sensor Logging Session Started at 2025-05-16 10:51:17.585 ===

=== Sensor Logging Session Ended at 2025-05-16 10:51:17.688 ===

=== Sensor Logging Session Started at 2025-05-16 10:51:17.694 ===
2025-05-16 10:51:17.698 - Sensor: test, Value: 1, Old Value: 0, Critical: No
2025-05-16 10:51:17.699 - Sensor: test, Value: 1, Old Value: 0, Critical: Yes
2025-05-16 10:51:17.750 - Sensor: test, Value: 1, Old Value: 0, Critical: Yes
2025-05-16 10:51:17.800 - Sensor: test, Value: 2, Old Value: 1, Critical: No
2025-05-16 10:51:17.802 - Sensor: test, Value: 2, Old Value: 1, Critical: Yes
2025-05-16 10:51:17.854 - Sensor: test, Value: 2, Old Value: 1, Critical: Yes
2025-05-16 10:51:17.901 - Sensor: test, Value: 3, Old Value: 2, Critical: No
2025-05-16 10:51:17.904 - Sensor: test, Value: 3, Old Value: 2, Critical: Yes
2025-05-16 10:51:17.956 - Sensor: test, Value: 3, Old Value: 2, Critical: Yes

=== Sensor Logging Session Ended at 2025-05-16 10:51:18.001 ===

=== Sensor Logging Session Started at 2025-05-16 10:51:18.008 ===

=== Sensor Logging Session Ended at 2025-05-16 10:51:18.009 ===

=== Sensor Logging Session Started at 2025-05-16 10:51:18.011 ===
2025-05-16 10:51:18.014 - Sensor: test, Value: 2, Old Value: 1, Critical: No
2025-05-16 10:51:18.065 - Sensor: test, Value: 6, Old Value: 5, Critical: Yes
2025-05-16 10:51:18.116 - Sensor: test, Value: 12, Old Value: 11, Critical: No
2025-05-16 10:51:18.118 - Sensor: test, Value: 12, Old Value: 11, Critical: Yes
2025-05-16 10:51:18.170 - Sensor: test, Value: 12, Old Value: 11, Critical: Yes

=== Sensor Logging Session Ended at 2025-05-16 10:51:18.219 ===

=== Sensor Logging Session Started at 2025-05-16 10:51:18.224 ===
2025-05-16 10:51:18.277 - Sensor: valid_test, Value: 1, Old Value: 0, Critical: Yes
2025-05-16 10:51:18.328 - Sensor: valid_test, Value: 2, Old Value: 0, Critical: Yes
2025-05-16 10:51:18.381 - Sensor: valid_test, Value: 2, Old Value: 0, Critical: Yes

=== Sensor Logging Session Ended at 2025-05-16 10:51:18.431 ===

=== Sensor Logging Session Started at 2025-05-16 10:51:18.435 ===
2025-05-16 10:51:18.437 - Sensor: test, Value: 31, Old Value: 0, Critical: No
2025-05-16 10:51:18.489 - Sensor: test, Value: 21, Old Value: 0, Critical: Yes
2025-05-16 10:51:18.593 - Sensor: test, Value: 22, Old Value: 21, Critical: Yes
2025-05-16 10:51:18.642 - Sensor: test, Value: 33, Old Value: 32, Critical: No
2025-05-16 10:51:18.643 - Sensor: test, Value: 23, Old Value: 22, Critical: Yes
2025-05-16 10:51:18.694 - Sensor: test, Value: 23, Old Value: 22, Critical: Yes
2025-05-16 10:51:18.847 - Sensor: test, Value: 35, Old Value: 34, Critical: No
2025-05-16 10:51:19.057 - Sensor: test, Value: 37, Old Value: 36, Critical: No
2025-05-16 10:51:19.162 - Sensor: test, Value: 38, Old Value: 37, Critical: No
2025-05-16 10:51:19.163 - Sensor: test, Value: 28, Old Value: 27, Critical: Yes
2025-05-16 10:51:19.372 - Sensor: test, Value: 40, Old Value: 39, Critical: No
2025-05-16 10:51:19.425 - Sensor: test, Value: 30, Old Value: 29, Critical: Yes
2025-05-16 10:51:19.472 - Sensor: test, Value: 41, Old Value: 40, Critical: No
2025-05-16 10:51:19.472 - Sensor: test, Value: 31, Old Value: 30, Critical: Yes
2025-05-16 10:51:19.523 - Sensor: test, Value: 31, Old Value: 30, Critical: Yes
2025-05-16 10:51:19.572 - Sensor: test, Value: 36, Old Value: 41, Critical: No
2025-05-16 10:51:19.574 - Sensor: test, Value: 26, Old Value: 31, Critical: Yes
2025-05-16 10:51:19.626 - Sensor: test, Value: 26, Old Value: 31, Critical: Yes
2025-05-16 10:51:19.674 - Sensor: test, Value: 27, Old Value: 26, Critical: Yes
2025-05-16 10:51:19.675 - Sensor: test, Value: 37, Old Value: 36, Critical: No
2025-05-16 10:51:19.726 - Sensor: test, Value: 27, Old Value: 26, Critical: Yes

=== Sensor Logging Session Ended at 2025-05-16 10:51:19.775 ===

=== Sensor Logging Session Started at 2025-05-16 10:55:27.429 ===

=== Sensor Logging Session Ended at 2025-05-16 10:55:27.429 ===

=== Sensor Logging Session Started at 2025-05-16 10:55:27.430 ===

=== Sensor Logging Session Ended at 2025-05-16 10:55:27.430 ===

=== Sensor Logging Session Started at 2025-05-16 10:55:27.430 ===
2025-05-16 10:55:27.481 - Sensor: test, Value: 1, Old Value: 0, Critical: Yes
2025-05-16 10:55:27.531 - Sensor: test, Value: 2, Old Value: 1, Critical: Yes
2025-05-16 10:55:27.582 - Sensor: test, Value: 2, Old Value: 1, Critical: Yes

=== Sensor Logging Session Ended at 2025-05-16 10:55:27.635 ===

=== Sensor Logging Session Started at 2025-05-16 10:55:27.638 ===
2025-05-16 10:55:27.640 - Sensor: test, Value: 1, Old Value: 0, Critical: No
2025-05-16 10:55:27.741 - Sensor: test, Value: 2, Old Value: 1, Critical: No
2025-05-16 10:55:27.842 - Sensor: test, Value: 3, Old Value: 2, Critical: No

=== Sensor Logging Session Ended at 2025-05-16 10:55:27.943 ===

=== Sensor Logging Session Started at 2025-05-16 10:55:27.947 ===
2025-05-16 10:55:28.001 - Sensor: test, Value: 1, Old Value: 0, Critical: Yes
2025-05-16 10:55:28.051 - Sensor: test, Value: 2, Old Value: 1, Critical: Yes

=== Sensor Logging Session Ended at 2025-05-16 10:55:28.207 ===

=== Sensor Logging Session Started at 2025-05-16 10:55:28.211 ===
2025-05-16 10:55:28.264 - Sensor: test, Value: 1, Old Value: 0, Critical: Yes
2025-05-16 10:55:28.314 - Sensor: test, Value: 2, Old Value: 1, Critical: Yes
2025-05-16 10:55:28.366 - Sensor: test, Value: 2, Old Value: 1, Critical: Yes

=== Sensor Logging Session Ended at 2025-05-16 10:55:28.415 ===

=== Sensor Logging Session Started at 2025-05-16 10:55:28.420 ===
2025-05-16 10:55:28.472 - Sensor: test, Value: 43, Old Value: 0, Critical: Yes
2025-05-16 10:55:28.525 - Sensor: test, Value: 44, Old Value: 43, Critical: Yes
2025-05-16 10:55:28.577 - Sensor: test, Value: 44, Old Value: 43, Critical: Yes

=== Sensor Logging Session Ended at 2025-05-16 10:55:28.626 ===

=== Sensor Logging Session Started at 2025-05-16 10:55:28.630 ===
2025-05-16 10:55:28.634 - Sensor: test, Value: 1, Old Value: 0, Critical: No
2025-05-16 10:55:28.683 - Sensor: test, Value: 1, Old Value: 0, Critical: Yes
2025-05-16 10:55:28.735 - Sensor: test, Value: 2, Old Value: 1, Critical: No
2025-05-16 10:55:28.737 - Sensor: test, Value: 2, Old Value: 1, Critical: Yes
2025-05-16 10:55:28.790 - Sensor: test, Value: 2, Old Value: 1, Critical: Yes
2025-05-16 10:55:28.838 - Sensor: test, Value: 3, Old Value: 2, Critical: No
2025-05-16 10:55:28.840 - Sensor: test, Value: 3, Old Value: 2, Critical: Yes
2025-05-16 10:55:28.893 - Sensor: test, Value: 3, Old Value: 2, Critical: Yes

=== Sensor Logging Session Ended at 2025-05-16 10:55:28.937 ===

=== Sensor Logging Session Started at 2025-05-16 10:55:28.942 ===
2025-05-16 10:55:28.945 - Sensor: test, Value: 1, Old Value: 0, Critical: No
2025-05-16 10:55:29.047 - Sensor: test, Value: 2, Old Value: 1, Critical: No
2025-05-16 10:55:29.148 - Sensor: test, Value: 3, Old Value: 2, Critical: No
2025-05-16 10:55:29.249 - Sensor: test, Value: 4, Old Value: 3, Critical: No
2025-05-16 10:55:29.350 - Sensor: test, Value: 5, Old Value: 4, Critical: No
2025-05-16 10:55:29.450 - Sensor: test, Value: 6, Old Value: 5, Critical: No

=== Sensor Logging Session Ended at 2025-05-16 10:55:29.551 ===

=== Sensor Logging Session Started at 2025-05-16 10:55:29.557 ===

=== Sensor Logging Session Ended at 2025-05-16 10:55:29.661 ===

=== Sensor Logging Session Started at 2025-05-16 10:55:29.667 ===
2025-05-16 10:55:29.722 - Sensor: test, Value: 1, Old Value: 0, Critical: Yes
2025-05-16 10:55:29.772 - Sensor: test, Value: 2, Old Value: 1, Critical: No
2025-05-16 10:55:29.774 - Sensor: test, Value: 2, Old Value: 1, Critical: Yes
2025-05-16 10:55:29.826 - Sensor: test, Value: 2, Old Value: 1, Critical: Yes
2025-05-16 10:55:29.874 - Sensor: test, Value: 3, Old Value: 2, Critical: Yes
2025-05-16 10:55:29.875 - Sensor: test, Value: 3, Old Value: 2, Critical: No
2025-05-16 10:55:29.926 - Sensor: test, Value: 3, Old Value: 2, Critical: Yes

=== Sensor Logging Session Ended at 2025-05-16 10:55:29.975 ===

=== Sensor Logging Session Started at 2025-05-16 10:55:29.980 ===

=== Sensor Logging Session Ended at 2025-05-16 10:55:29.982 ===

=== Sensor Logging Session Started at 2025-05-16 10:55:29.985 ===
2025-05-16 10:55:29.989 - Sensor: test, Value: 1, Old Value: 0, Critical: No
2025-05-16 10:55:29.989 - Sensor: test, Value: 2, Old Value: 1, Critical: Yes
2025-05-16 10:55:30.041 - Sensor: test, Value: 6, Old Value: 5, Critical: Yes
2025-05-16 10:55:30.091 - Sensor: test, Value: 12, Old Value: 11, Critical: No
2025-05-16 10:55:30.093 - Sensor: test, Value: 12, Old Value: 11, Critical: Yes
2025-05-16 10:55:30.145 - Sensor: test, Value: 12, Old Value: 11, Critical: Yes

=== Sensor Logging Session Ended at 2025-05-16 10:55:30.193 ===

=== Sensor Logging Session Started at 2025-05-16 10:55:30.198 ===
2025-05-16 10:55:30.251 - Sensor: valid_test, Value: 1, Old Value: 0, Critical: Yes
2025-05-16 10:55:30.302 - Sensor: valid_test, Value: 2, Old Value: 0, Critical: Yes
2025-05-16 10:55:30.354 - Sensor: valid_test, Value: 2, Old Value: 0, Critical: Yes

=== Sensor Logging Session Ended at 2025-05-16 10:55:30.403 ===

=== Sensor Logging Session Started at 2025-05-16 10:55:30.408 ===
2025-05-16 10:55:30.412 - Sensor: test, Value: 31, Old Value: 0, Critical: No
2025-05-16 10:55:30.463 - Sensor: test, Value: 21, Old Value: 0, Critical: Yes
2025-05-16 10:55:30.512 - Sensor: test, Value: 22, Old Value: 21, Critical: Yes
2025-05-16 10:55:30.564 - Sensor: test, Value: 22, Old Value: 21, Critical: Yes
2025-05-16 10:55:30.614 - Sensor: test, Value: 33, Old Value: 32, Critical: No
2025-05-16 10:55:30.616 - Sensor: test, Value: 23, Old Value: 22, Critical: Yes
2025-05-16 10:55:30.668 - Sensor: test, Value: 23, Old Value: 22, Critical: Yes
2025-05-16 10:55:30.718 - Sensor: test, Value: 34, Old Value: 33, Critical: No
2025-05-16 10:55:30.719 - Sensor: test, Value: 24, Old Value: 23, Critical: Yes
2025-05-16 10:55:30.820 - Sensor: test, Value: 25, Old Value: 24, Critical: Yes
2025-05-16 10:55:30.821 - Sensor: test, Value: 35, Old Value: 34, Critical: No
2025-05-16 10:55:30.924 - Sensor: test, Value: 36, Old Value: 35, Critical: No
2025-05-16 10:55:30.926 - Sensor: test, Value: 26, Old Value: 25, Critical: Yes
2025-05-16 10:55:31.027 - Sensor: test, Value: 37, Old Value: 36, Critical: No
2025-05-16 10:55:31.029 - Sensor: test, Value: 27, Old Value: 26, Critical: Yes
2025-05-16 10:55:31.237 - Sensor: test, Value: 39, Old Value: 38, Critical: No
2025-05-16 10:55:31.239 - Sensor: test, Value: 29, Old Value: 28, Critical: Yes
2025-05-16 10:55:31.290 - Sensor: test, Value: 29, Old Value: 28, Critical: Yes
2025-05-16 10:55:31.338 - Sensor: test, Value: 40, Old Value: 39, Critical: No
2025-05-16 10:55:31.340 - Sensor: test, Value: 30, Old Value: 29, Critical: Yes
2025-05-16 10:55:31.393 - Sensor: test, Value: 30, Old Value: 29, Critical: Yes
2025-05-16 10:55:31.438 - Sensor: test, Value: 26, Old Value: 30, Critical: Yes
2025-05-16 10:55:31.439 - Sensor: test, Value: 36, Old Value: 40, Critical: No
2025-05-16 10:55:31.492 - Sensor: test, Value: 26, Old Value: 30, Critical: Yes
2025-05-16 10:55:31.540 - Sensor: test, Value: 37, Old Value: 36, Critical: No
2025-05-16 10:55:31.542 - Sensor: test, Value: 27, Old Value: 26, Critical: Yes
2025-05-16 10:55:31.593 - Sensor: test, Value: 27, Old Value: 26, Critical: Yes

=== Sensor Logging Session Ended at 2025-05-16 10:55:31.641 ===
