Performing C SOURCE FILE Test CMAKE_HAVE_LIBC_PTHREAD failed with the following output:
Change Dir: /home/jetson/Team06_autonomous-vehicle/Middleware/build/CMakeFiles/CMakeScratch/TryCompile-MOlGVN

Run Build Command(s):/usr/bin/make -f Makefile cmTC_e614b/fast && /usr/bin/make  -f CMakeFiles/cmTC_e614b.dir/build.make CMakeFiles/cmTC_e614b.dir/build
make[1]: Entering directory '/home/jetson/Team06_autonomous-vehicle/Middleware/build/CMakeFiles/CMakeScratch/TryCompile-MOlGVN'
Building C object CMakeFiles/cmTC_e614b.dir/src.c.o
/usr/bin/cc -DCMAKE_HAVE_LIBC_PTHREAD   -o CMakeFiles/cmTC_e614b.dir/src.c.o -c /home/jetson/Team06_autonomous-vehicle/Middleware/build/CMakeFiles/CMakeScratch/TryCompile-MOlGVN/src.c
Linking C executable cmTC_e614b
/usr/bin/cmake -E cmake_link_script CMakeFiles/cmTC_e614b.dir/link.txt --verbose=1
/usr/bin/cc CMakeFiles/cmTC_e614b.dir/src.c.o -o cmTC_e614b 
/usr/bin/ld: CMakeFiles/cmTC_e614b.dir/src.c.o: in function `main':
src.c:(.text+0x48): undefined reference to `pthread_create'
/usr/bin/ld: src.c:(.text+0x50): undefined reference to `pthread_detach'
/usr/bin/ld: src.c:(.text+0x58): undefined reference to `pthread_cancel'
/usr/bin/ld: src.c:(.text+0x64): undefined reference to `pthread_join'
collect2: error: ld returned 1 exit status
make[1]: *** [CMakeFiles/cmTC_e614b.dir/build.make:99: cmTC_e614b] Error 1
make[1]: Leaving directory '/home/jetson/Team06_autonomous-vehicle/Middleware/build/CMakeFiles/CMakeScratch/TryCompile-MOlGVN'
make: *** [Makefile:127: cmTC_e614b/fast] Error 2


Source file was:
#include <pthread.h>

static void* test_func(void* data)
{
  return data;
}

int main(void)
{
  pthread_t thread;
  pthread_create(&thread, NULL, test_func, NULL);
  pthread_detach(thread);
  pthread_cancel(thread);
  pthread_join(thread, NULL);
  pthread_atfork(NULL, NULL, NULL);
  pthread_exit(NULL);

  return 0;
}


Determining if the function pthread_create exists in the pthreads failed with the following output:
Change Dir: /home/jetson/Team06_autonomous-vehicle/Middleware/build/CMakeFiles/CMakeScratch/TryCompile-FMXqTL

Run Build Command(s):/usr/bin/make -f Makefile cmTC_b5dfc/fast && /usr/bin/make  -f CMakeFiles/cmTC_b5dfc.dir/build.make CMakeFiles/cmTC_b5dfc.dir/build
make[1]: Entering directory '/home/jetson/Team06_autonomous-vehicle/Middleware/build/CMakeFiles/CMakeScratch/TryCompile-FMXqTL'
Building C object CMakeFiles/cmTC_b5dfc.dir/CheckFunctionExists.c.o
/usr/bin/cc   -DCHECK_FUNCTION_EXISTS=pthread_create -o CMakeFiles/cmTC_b5dfc.dir/CheckFunctionExists.c.o -c /home/jetson/Team06_autonomous-vehicle/Middleware/build/CMakeFiles/CMakeScratch/TryCompile-FMXqTL/CheckFunctionExists.c
Linking C executable cmTC_b5dfc
/usr/bin/cmake -E cmake_link_script CMakeFiles/cmTC_b5dfc.dir/link.txt --verbose=1
/usr/bin/cc  -DCHECK_FUNCTION_EXISTS=pthread_create CMakeFiles/cmTC_b5dfc.dir/CheckFunctionExists.c.o -o cmTC_b5dfc  -lpthreads 
/usr/bin/ld: cannot find -lpthreads
collect2: error: ld returned 1 exit status
make[1]: *** [CMakeFiles/cmTC_b5dfc.dir/build.make:99: cmTC_b5dfc] Error 1
make[1]: Leaving directory '/home/jetson/Team06_autonomous-vehicle/Middleware/build/CMakeFiles/CMakeScratch/TryCompile-FMXqTL'
make: *** [Makefile:127: cmTC_b5dfc/fast] Error 2



